2023-10-08 19:07:35,720 [INFO] Activator:177 - 


2023-10-08 19:07:35,721 [INFO] Activator:178 - !SESSION log4j initialized
2023-10-08 19:07:42,157 [INFO] McuFinderGlobals:39 - Set McuFinder mode to 2 (CubeIDE integrated)
2023-10-08 19:07:42,575 [INFO] ApplicationProperties:181 - Using Application install path: D:\Study\MCU\Software\real\STM32CubeIDE_1.7.0\STM32CubeIDE\plugins\com.st.stm32cube.common.mx_6.3.0.202107141111
2023-10-08 19:07:42,586 [INFO] DbMcusXml:74 - Set database path to: D:\Study\MCU\Software\real\STM32CubeIDE_1.7.0\STM32CubeIDE\plugins\com.st.stm32cube.common.mx_6.3.0.202107141111\\db\/mcu/
2023-10-08 19:07:42,590 [INFO] DbBoardsPdsc:56 - Set plugin database path to: D:\Study\MCU\Software\real\STM32CubeIDE_1.7.0\STM32CubeIDE\plugins\com.st.stm32cube.common.mx_6.3.0.202107141111\\db\/plugins/boardmanager/
2023-10-08 19:07:42,590 [INFO] DbMcus:258 - Set plugin images path to: D:\Study\MCU\Software\real\STM32CubeIDE_1.7.0\STM32CubeIDE\plugins\com.st.stm32cube.common.mx_6.3.0.202107141111\\db\/plugins/mcufinder/images/
2023-10-08 19:07:42,591 [INFO] DbBoards:264 - Set plugin images path to: D:\Study\MCU\Software\real\STM32CubeIDE_1.7.0\STM32CubeIDE\plugins\com.st.stm32cube.common.mx_6.3.0.202107141111\\db\/plugins/mcufinder/images/
2023-10-08 19:07:42,593 [INFO] DbExamples:333 - Set plugin images path to: D:\Study\MCU\Software\real\STM32CubeIDE_1.7.0\STM32CubeIDE\plugins\com.st.stm32cube.common.mx_6.3.0.202107141111\\db\/plugins/mcufinder/images/
2023-10-08 19:07:42,600 [INFO] DbMcusAds:119 - Set database path to: C:\Users\Huy Minh\.stmcufinder\plugins\mcufinder//mcu/
2023-10-08 19:07:42,601 [INFO] DbMcusDocs:110 - Set database path to: C:\Users\Huy Minh\.stmcufinder\plugins\mcufinder//mcu/
2023-10-08 19:07:42,603 [INFO] DbMcusJson:64 - Set database path to: C:\Users\Huy Minh\.stmcufinder\plugins\mcufinder//mcu/
2023-10-08 19:07:42,603 [INFO] DbBoardsDocs:110 - Set database path to: C:\Users\Huy Minh\.stmcufinder\plugins\mcufinder//mcu/
2023-10-08 19:07:42,604 [INFO] DbBoardsJson:57 - Set database path to: C:\Users\Huy Minh\.stmcufinder\plugins\mcufinder//mcu/
2023-10-08 19:07:42,607 [INFO] CrossReferenceDbSqlite:196 - Set database path to: C:\Users\Huy Minh\.stmcufinder\plugins\mcufinder//mcu/cs/
2023-10-08 19:07:42,609 [INFO] DbExamplesSqlite:767 - Set database path to: C:\Users\Huy Minh\.stmcufinder\plugins\mcufinder//mcu/
2023-10-08 19:07:42,689 [INFO] RulesReader:57 - Compatibility file has been processed (242 Rules)
2023-10-08 19:07:42,758 [INFO] DbMcusXml:74 - Set database path to: D:\Study\MCU\Software\real\STM32CubeIDE_1.7.0\STM32CubeIDE\plugins\com.st.stm32cube.common.mx_6.3.0.202107141111\\db\/mcu/
2023-10-08 19:07:42,759 [INFO] DbBoardsPdsc:56 - Set plugin database path to: D:\Study\MCU\Software\real\STM32CubeIDE_1.7.0\STM32CubeIDE\plugins\com.st.stm32cube.common.mx_6.3.0.202107141111\\db\/plugins/boardmanager/
2023-10-08 19:07:42,759 [INFO] DbMcus:258 - Set plugin images path to: D:\Study\MCU\Software\real\STM32CubeIDE_1.7.0\STM32CubeIDE\plugins\com.st.stm32cube.common.mx_6.3.0.202107141111\\db\/plugins/mcufinder/images/
2023-10-08 19:07:42,759 [INFO] DbBoards:264 - Set plugin images path to: D:\Study\MCU\Software\real\STM32CubeIDE_1.7.0\STM32CubeIDE\plugins\com.st.stm32cube.common.mx_6.3.0.202107141111\\db\/plugins/mcufinder/images/
2023-10-08 19:07:42,760 [INFO] DbExamples:333 - Set plugin images path to: D:\Study\MCU\Software\real\STM32CubeIDE_1.7.0\STM32CubeIDE\plugins\com.st.stm32cube.common.mx_6.3.0.202107141111\\db\/plugins/mcufinder/images/
2023-10-08 19:07:42,760 [WARN] DbFile:35 - Overriding database path with different value: C:\Users\Huy Minh\.stmcufinder\plugins\mcufinder/ => C:\Users\Huy Minh\.stmcufinder\plugins\mcufinder
2023-10-08 19:07:42,760 [INFO] DbMcusAds:119 - Set database path to: C:\Users\Huy Minh\.stmcufinder\plugins\mcufinder//mcu/
2023-10-08 19:07:42,760 [WARN] DbFile:35 - Overriding database path with different value: C:\Users\Huy Minh\.stmcufinder\plugins\mcufinder/ => C:\Users\Huy Minh\.stmcufinder\plugins\mcufinder
2023-10-08 19:07:42,760 [INFO] DbMcusDocs:110 - Set database path to: C:\Users\Huy Minh\.stmcufinder\plugins\mcufinder//mcu/
2023-10-08 19:07:42,760 [WARN] DbFile:35 - Overriding database path with different value: C:\Users\Huy Minh\.stmcufinder\plugins\mcufinder/ => C:\Users\Huy Minh\.stmcufinder\plugins\mcufinder
2023-10-08 19:07:42,760 [INFO] DbMcusJson:64 - Set database path to: C:\Users\Huy Minh\.stmcufinder\plugins\mcufinder//mcu/
2023-10-08 19:07:42,760 [WARN] DbFile:35 - Overriding database path with different value: C:\Users\Huy Minh\.stmcufinder\plugins\mcufinder/ => C:\Users\Huy Minh\.stmcufinder\plugins\mcufinder
2023-10-08 19:07:42,760 [INFO] DbBoardsDocs:110 - Set database path to: C:\Users\Huy Minh\.stmcufinder\plugins\mcufinder//mcu/
2023-10-08 19:07:42,760 [WARN] DbFile:35 - Overriding database path with different value: C:\Users\Huy Minh\.stmcufinder\plugins\mcufinder/ => C:\Users\Huy Minh\.stmcufinder\plugins\mcufinder
2023-10-08 19:07:42,760 [INFO] DbBoardsJson:57 - Set database path to: C:\Users\Huy Minh\.stmcufinder\plugins\mcufinder//mcu/
2023-10-08 19:07:42,761 [WARN] DbFile:35 - Overriding database path with different value: C:\Users\Huy Minh\.stmcufinder\plugins\mcufinder/ => C:\Users\Huy Minh\.stmcufinder\plugins\mcufinder
2023-10-08 19:07:42,761 [WARN] DbFile:35 - Overriding database path with different value: C:\Users\Huy Minh\.stmcufinder\plugins\mcufinder/ => C:\Users\Huy Minh\.stmcufinder\plugins\mcufinder
2023-10-08 19:07:42,761 [INFO] CrossReferenceDbSqlite:196 - Set database path to: C:\Users\Huy Minh\.stmcufinder\plugins\mcufinder//mcu/cs/
2023-10-08 19:07:42,761 [WARN] DbFile:35 - Overriding database path with different value: C:\Users\Huy Minh\.stmcufinder\plugins\mcufinder/ => C:\Users\Huy Minh\.stmcufinder\plugins\mcufinder
2023-10-08 19:07:42,761 [INFO] DbExamplesSqlite:767 - Set database path to: C:\Users\Huy Minh\.stmcufinder\plugins\mcufinder//mcu/
2023-10-08 19:07:42,816 [INFO] MainPanel:214 - HeapMemory: 268435456
2023-10-08 19:07:42,882 [INFO] DbMcusXml:74 - Set database path to: D:\Study\MCU\Software\real\STM32CubeIDE_1.7.0\STM32CubeIDE\plugins\com.st.stm32cube.common.mx_6.3.0.202107141111\\db\/mcu/
2023-10-08 19:07:42,883 [INFO] DbBoardsPdsc:56 - Set plugin database path to: D:\Study\MCU\Software\real\STM32CubeIDE_1.7.0\STM32CubeIDE\plugins\com.st.stm32cube.common.mx_6.3.0.202107141111\\db\/plugins/boardmanager/
2023-10-08 19:07:42,883 [INFO] DbMcus:258 - Set plugin images path to: D:\Study\MCU\Software\real\STM32CubeIDE_1.7.0\STM32CubeIDE\plugins\com.st.stm32cube.common.mx_6.3.0.202107141111\\db\/plugins/mcufinder/images/
2023-10-08 19:07:42,883 [INFO] DbBoards:264 - Set plugin images path to: D:\Study\MCU\Software\real\STM32CubeIDE_1.7.0\STM32CubeIDE\plugins\com.st.stm32cube.common.mx_6.3.0.202107141111\\db\/plugins/mcufinder/images/
2023-10-08 19:07:42,883 [INFO] DbExamples:333 - Set plugin images path to: D:\Study\MCU\Software\real\STM32CubeIDE_1.7.0\STM32CubeIDE\plugins\com.st.stm32cube.common.mx_6.3.0.202107141111\\db\/plugins/mcufinder/images/
2023-10-08 19:07:42,883 [WARN] DbFile:35 - Overriding database path with different value: C:\Users\Huy Minh\.stmcufinder\plugins\mcufinder/ => C:\Users\Huy Minh\.stmcufinder\plugins\mcufinder
2023-10-08 19:07:42,883 [INFO] DbMcusAds:119 - Set database path to: C:\Users\Huy Minh\.stmcufinder\plugins\mcufinder//mcu/
2023-10-08 19:07:42,883 [WARN] DbFile:35 - Overriding database path with different value: C:\Users\Huy Minh\.stmcufinder\plugins\mcufinder/ => C:\Users\Huy Minh\.stmcufinder\plugins\mcufinder
2023-10-08 19:07:42,883 [INFO] DbMcusDocs:110 - Set database path to: C:\Users\Huy Minh\.stmcufinder\plugins\mcufinder//mcu/
2023-10-08 19:07:42,883 [WARN] DbFile:35 - Overriding database path with different value: C:\Users\Huy Minh\.stmcufinder\plugins\mcufinder/ => C:\Users\Huy Minh\.stmcufinder\plugins\mcufinder
2023-10-08 19:07:42,883 [INFO] DbMcusJson:64 - Set database path to: C:\Users\Huy Minh\.stmcufinder\plugins\mcufinder//mcu/
2023-10-08 19:07:42,883 [WARN] DbFile:35 - Overriding database path with different value: C:\Users\Huy Minh\.stmcufinder\plugins\mcufinder/ => C:\Users\Huy Minh\.stmcufinder\plugins\mcufinder
2023-10-08 19:07:42,884 [INFO] DbBoardsDocs:110 - Set database path to: C:\Users\Huy Minh\.stmcufinder\plugins\mcufinder//mcu/
2023-10-08 19:07:42,884 [WARN] DbFile:35 - Overriding database path with different value: C:\Users\Huy Minh\.stmcufinder\plugins\mcufinder/ => C:\Users\Huy Minh\.stmcufinder\plugins\mcufinder
2023-10-08 19:07:42,884 [INFO] DbBoardsJson:57 - Set database path to: C:\Users\Huy Minh\.stmcufinder\plugins\mcufinder//mcu/
2023-10-08 19:07:42,884 [WARN] DbFile:35 - Overriding database path with different value: C:\Users\Huy Minh\.stmcufinder\plugins\mcufinder/ => C:\Users\Huy Minh\.stmcufinder\plugins\mcufinder
2023-10-08 19:07:42,884 [WARN] DbFile:35 - Overriding database path with different value: C:\Users\Huy Minh\.stmcufinder\plugins\mcufinder/ => C:\Users\Huy Minh\.stmcufinder\plugins\mcufinder
2023-10-08 19:07:42,884 [INFO] CrossReferenceDbSqlite:196 - Set database path to: C:\Users\Huy Minh\.stmcufinder\plugins\mcufinder//mcu/cs/
2023-10-08 19:07:42,884 [WARN] DbFile:35 - Overriding database path with different value: C:\Users\Huy Minh\.stmcufinder\plugins\mcufinder/ => C:\Users\Huy Minh\.stmcufinder\plugins\mcufinder
2023-10-08 19:07:42,884 [INFO] DbExamplesSqlite:767 - Set database path to: C:\Users\Huy Minh\.stmcufinder\plugins\mcufinder//mcu/
2023-10-08 19:07:42,899 [INFO] ApplicationProperties:181 - Using Application install path: D:\Study\MCU\Software\real\STM32CubeIDE_1.7.0\STM32CubeIDE\plugins\com.st.stm32cube.common.mx_6.3.0.202107141111
2023-10-08 19:07:42,900 [INFO] PluginManage:188 - Search for loadable plugins [exclusion list=, ]
2023-10-08 19:07:42,902 [INFO] PluginManage:302 - Check plugin analytics
2023-10-08 19:07:43,018 [INFO] AnalyticsPlugin:257 - Accepted Software Licenses: 
2023-10-08 19:07:43,018 [INFO] AnalyticsPlugin:259 - Accepted CMSIS Pack Licenses: 
2023-10-08 19:07:43,018 [INFO] AnalyticsPlugin:261 - Accepted Firmware Licenses: 
2023-10-08 19:07:43,019 [INFO] PluginManage:352 - Loaded plugin analytics (category:tool,tabindex:-1)
2023-10-08 19:07:43,019 [INFO] PluginManage:302 - Check plugin clock
2023-10-08 19:07:43,036 [INFO] PluginManage:352 - Loaded plugin clock (category:base,tabindex:2)
2023-10-08 19:07:43,036 [INFO] PluginManage:302 - Check plugin ddr
2023-10-08 19:07:43,038 [INFO] PluginManage:352 - Loaded plugin ddr (category:tool,tabindex:6)
2023-10-08 19:07:43,038 [INFO] PluginManage:302 - Check plugin filemanager
2023-10-08 19:07:43,138 [INFO] PluginManage:352 - Loaded plugin filemanager (category:base,tabindex:10)
2023-10-08 19:07:43,138 [INFO] PluginManage:302 - Check plugin ipmanager
2023-10-08 19:07:43,145 [INFO] PluginManage:352 - Loaded plugin ipmanager (category:base,tabindex:5)
2023-10-08 19:07:43,145 [INFO] PluginManage:302 - Check plugin pinoutandconfiguration
2023-10-08 19:07:43,159 [INFO] PluginManage:352 - Loaded plugin pinoutandconfiguration (category:base,tabindex:1)
2023-10-08 19:07:43,159 [INFO] PluginManage:302 - Check plugin pinoutconfig
2023-10-08 19:07:43,187 [INFO] PluginManage:352 - Loaded plugin pinoutconfig (category:base,tabindex:0)
2023-10-08 19:07:43,187 [INFO] PluginManage:302 - Check plugin power
2023-10-08 19:07:43,202 [INFO] PluginManage:352 - Loaded plugin power (category:power,tabindex:4)
2023-10-08 19:07:43,203 [INFO] PluginManage:302 - Check plugin projectmanager
2023-10-08 19:07:43,216 [INFO] PluginManage:352 - Loaded plugin projectmanager (category:projectmanager,tabindex:3)
2023-10-08 19:07:43,216 [INFO] PluginManage:302 - Check plugin thirdparty
2023-10-08 19:07:43,438 [INFO] PluginManage:352 - Loaded plugin thirdparty (category:base,tabindex:-1)
2023-10-08 19:07:43,438 [INFO] PluginManage:302 - Check plugin tools
2023-10-08 19:07:43,438 [WARN] IntegrityCheckThread:78 - waiting for thirdparty lock release [integrity check]
2023-10-08 19:07:43,439 [INFO] IntegrityCheckThread:80 - entering critical section [integrity check]
2023-10-08 19:07:43,439 [INFO] ThirdPartyUpdaterWithRetryManager:66 - Updater plugin not ready yet. [1/15]
2023-10-08 19:07:43,488 [INFO] PluginManage:352 - Loaded plugin tools (category:base,tabindex:7)
2023-10-08 19:07:43,488 [INFO] PluginManage:302 - Check plugin tutovideos
2023-10-08 19:07:43,664 [INFO] PluginManage:352 - Loaded plugin tutovideos (category:base,tabindex:-1)
2023-10-08 19:07:43,664 [INFO] PluginManage:302 - Check plugin updater
2023-10-08 19:07:43,675 [INFO] PluginManage:352 - Loaded plugin updater (category:base,tabindex:12)
2023-10-08 19:07:43,676 [INFO] PluginManage:275 - PluginManage : Loaded plugins [13]
2023-10-08 19:07:43,819 [INFO] PinOutPanel:1463 - setPackage(No Configuration,No Configuration)
2023-10-08 19:07:43,896 [INFO] IPUIPlugin:74 - create IPUIPlugin
2023-10-08 19:07:43,896 [INFO] PluginManager:213 - loadIPPluginJar : add adc
2023-10-08 19:07:43,931 [INFO] IPUIPlugin:74 - create IPUIPlugin
2023-10-08 19:07:43,931 [INFO] PluginManager:213 - loadIPPluginJar : add aes
2023-10-08 19:07:43,972 [INFO] IPUIPlugin:74 - create IPUIPlugin
2023-10-08 19:07:43,972 [INFO] PluginManager:213 - loadIPPluginJar : add can
2023-10-08 19:07:43,996 [INFO] IPUIPlugin:74 - create IPUIPlugin
2023-10-08 19:07:43,996 [INFO] PluginManager:213 - loadIPPluginJar : add comp
2023-10-08 19:07:44,028 [INFO] IPUIPlugin:74 - create IPUIPlugin
2023-10-08 19:07:44,028 [INFO] PluginManager:213 - loadIPPluginJar : add cryp
2023-10-08 19:07:44,060 [INFO] IPUIPlugin:74 - create IPUIPlugin
2023-10-08 19:07:44,060 [INFO] PluginManager:213 - loadIPPluginJar : add dfsdm
2023-10-08 19:07:44,071 [INFO] IPUIPlugin:74 - create IPUIPlugin
2023-10-08 19:07:44,072 [INFO] PluginManager:213 - loadIPPluginJar : add dma
2023-10-08 19:07:44,112 [INFO] IPUIPlugin:74 - create IPUIPlugin
2023-10-08 19:07:44,112 [INFO] PluginManager:213 - loadIPPluginJar : add dma3
2023-10-08 19:07:44,137 [INFO] IPUIPlugin:74 - create IPUIPlugin
2023-10-08 19:07:44,137 [INFO] PluginManager:213 - loadIPPluginJar : add fatfs
2023-10-08 19:07:44,187 [INFO] IPUIPlugin:74 - create IPUIPlugin
2023-10-08 19:07:44,187 [INFO] PluginManager:213 - loadIPPluginJar : add fmc
2023-10-08 19:07:44,199 [INFO] IPUIPlugin:74 - create IPUIPlugin
2023-10-08 19:07:44,199 [INFO] PluginManager:213 - loadIPPluginJar : add freertos
2023-10-08 19:07:44,223 [INFO] IPUIPlugin:74 - create IPUIPlugin
2023-10-08 19:07:44,223 [INFO] PluginManager:213 - loadIPPluginJar : add genericplugin
2023-10-08 19:07:44,303 [INFO] IPUIPlugin:74 - create IPUIPlugin
2023-10-08 19:07:44,303 [INFO] PluginManager:213 - loadIPPluginJar : add gfxmmu
2023-10-08 19:07:44,419 [INFO] IPUIPlugin:74 - create IPUIPlugin
2023-10-08 19:07:44,419 [INFO] PluginManager:213 - loadIPPluginJar : add gic
2023-10-08 19:07:44,433 [INFO] IPUIPlugin:74 - create IPUIPlugin
2023-10-08 19:07:44,433 [INFO] PluginManager:213 - loadIPPluginJar : add gpio
2023-10-08 19:07:44,499 [INFO] IPUIPlugin:74 - create IPUIPlugin
2023-10-08 19:07:44,499 [INFO] PluginManager:213 - loadIPPluginJar : add gtzc
2023-10-08 19:07:44,528 [INFO] IPUIPlugin:74 - create IPUIPlugin
2023-10-08 19:07:44,528 [INFO] PluginManager:213 - loadIPPluginJar : add hash
2023-10-08 19:07:44,576 [INFO] IPUIPlugin:74 - create IPUIPlugin
2023-10-08 19:07:44,576 [INFO] PluginManager:213 - loadIPPluginJar : add i2c
2023-10-08 19:07:44,614 [INFO] IPUIPlugin:74 - create IPUIPlugin
2023-10-08 19:07:44,614 [INFO] PluginManager:213 - loadIPPluginJar : add i2s
2023-10-08 19:07:44,624 [INFO] IPUIPlugin:74 - create IPUIPlugin
2023-10-08 19:07:44,624 [INFO] PluginManager:213 - loadIPPluginJar : add ipddr
2023-10-08 19:07:44,704 [INFO] IPUIPlugin:74 - create IPUIPlugin
2023-10-08 19:07:44,704 [INFO] PluginManager:213 - loadIPPluginJar : add linkedlist
2023-10-08 19:07:44,739 [INFO] IPUIPlugin:74 - create IPUIPlugin
2023-10-08 19:07:44,739 [INFO] PluginManager:213 - loadIPPluginJar : add lorawan
2023-10-08 19:07:44,774 [INFO] IPUIPlugin:74 - create IPUIPlugin
2023-10-08 19:07:44,774 [INFO] PluginManager:213 - loadIPPluginJar : add ltdc
2023-10-08 19:07:44,807 [INFO] IPUIPlugin:74 - create IPUIPlugin
2023-10-08 19:07:44,807 [INFO] PluginManager:213 - loadIPPluginJar : add mdma
2023-10-08 19:07:44,822 [INFO] IPUIPlugin:74 - create IPUIPlugin
2023-10-08 19:07:44,823 [INFO] PluginManager:213 - loadIPPluginJar : add nvic
2023-10-08 19:07:44,891 [INFO] IPUIPlugin:74 - create IPUIPlugin
2023-10-08 19:07:44,891 [INFO] PluginManager:213 - loadIPPluginJar : add opamp
2023-10-08 19:07:44,954 [INFO] IPUIPlugin:74 - create IPUIPlugin
2023-10-08 19:07:44,954 [INFO] PluginManager:213 - loadIPPluginJar : add openamp
2023-10-08 19:07:44,997 [INFO] IPUIPlugin:74 - create IPUIPlugin
2023-10-08 19:07:44,997 [INFO] PluginManager:213 - loadIPPluginJar : add pdm2pcm
2023-10-08 19:07:45,011 [INFO] IPUIPlugin:74 - create IPUIPlugin
2023-10-08 19:07:45,013 [INFO] PluginManager:213 - loadIPPluginJar : add plateformsettings
2023-10-08 19:07:45,037 [INFO] IPUIPlugin:74 - create IPUIPlugin
2023-10-08 19:07:45,038 [INFO] PluginManager:213 - loadIPPluginJar : add quadspi
2023-10-08 19:07:45,048 [INFO] IPUIPlugin:74 - create IPUIPlugin
2023-10-08 19:07:45,049 [INFO] PluginManager:213 - loadIPPluginJar : add resmgrutility
2023-10-08 19:07:45,096 [INFO] IPUIPlugin:74 - create IPUIPlugin
2023-10-08 19:07:45,096 [INFO] PluginManager:213 - loadIPPluginJar : add sai
2023-10-08 19:07:45,132 [INFO] IPUIPlugin:74 - create IPUIPlugin
2023-10-08 19:07:45,133 [INFO] PluginManager:213 - loadIPPluginJar : add spi
2023-10-08 19:07:45,185 [INFO] IPUIPlugin:74 - create IPUIPlugin
2023-10-08 19:07:45,185 [INFO] PluginManager:213 - loadIPPluginJar : add stm32_wpan
2023-10-08 19:07:45,210 [INFO] IPUIPlugin:74 - create IPUIPlugin
2023-10-08 19:07:45,210 [INFO] PluginManager:213 - loadIPPluginJar : add tim
2023-10-08 19:07:45,264 [INFO] IPUIPlugin:74 - create IPUIPlugin
2023-10-08 19:07:45,265 [INFO] PluginManager:213 - loadIPPluginJar : add touchsensing
2023-10-08 19:07:45,291 [INFO] IPUIPlugin:74 - create IPUIPlugin
2023-10-08 19:07:45,291 [INFO] PluginManager:213 - loadIPPluginJar : add tracer_emb
2023-10-08 19:07:45,317 [INFO] IPUIPlugin:74 - create IPUIPlugin
2023-10-08 19:07:45,318 [INFO] PluginManager:213 - loadIPPluginJar : add ts
2023-10-08 19:07:45,342 [INFO] IPUIPlugin:74 - create IPUIPlugin
2023-10-08 19:07:45,342 [INFO] PluginManager:213 - loadIPPluginJar : add tsc
2023-10-08 19:07:45,368 [INFO] IPUIPlugin:74 - create IPUIPlugin
2023-10-08 19:07:45,368 [INFO] PluginManager:213 - loadIPPluginJar : add ucpd
2023-10-08 19:07:45,410 [INFO] IPUIPlugin:74 - create IPUIPlugin
2023-10-08 19:07:45,410 [INFO] PluginManager:213 - loadIPPluginJar : add usart
2023-10-08 19:07:45,447 [INFO] IPUIPlugin:74 - create IPUIPlugin
2023-10-08 19:07:45,447 [INFO] PluginManager:213 - loadIPPluginJar : add usbx
2023-10-08 19:07:45,711 [FATAL] Updater:294 - Updater called before beeing initialized
2023-10-08 19:07:45,801 [FATAL] Updater:294 - Updater called before beeing initialized
2023-10-08 19:07:45,809 [INFO] DbMcusAds:47 - JSON generation date=Tue Mar 07 15:50:55 ICT 2023 (1678179055335)
2023-10-08 19:07:45,809 [FATAL] Updater:294 - Updater called before beeing initialized
2023-10-08 19:07:45,869 [WARN] DetailPanel:314 - Failed to get advertising image, set to default
2023-10-08 19:07:45,943 [FATAL] Updater:294 - Updater called before beeing initialized
2023-10-08 19:07:45,946 [FATAL] Updater:294 - Updater called before beeing initialized
2023-10-08 19:07:45,946 [FATAL] Updater:294 - Updater called before beeing initialized
2023-10-08 19:07:45,946 [WARN] DetailPanel:314 - Failed to get advertising image, set to default
2023-10-08 19:07:45,947 [FATAL] Updater:294 - Updater called before beeing initialized
2023-10-08 19:07:45,993 [ERROR] Updater:1075 - MainUpdater not yet initialized. External WinMGr cannot be set.
2023-10-08 19:07:46,001 [INFO] Updater:1012 - Updater Version found : 6.3.0
2023-10-08 19:07:46,020 [INFO] ApplicationProperties:181 - Using Application install path: D:\Study\MCU\Software\real\STM32CubeIDE_1.7.0\STM32CubeIDE\plugins\com.st.stm32cube.common.mx_6.3.0.202107141111
2023-10-08 19:07:46,309 [INFO] MainUpdater:2671 - connection check result : 10
2023-10-08 19:07:46,310 [INFO] MainUpdater:265 - Updater Check For Update Now.
2023-10-08 19:07:46,311 [INFO] MicroXplorer:478 - Change Database Version : DB.6.0.30
2023-10-08 19:07:46,445 [WARN] MainUpdater:1122 - Updater busy. Cannot search thirdparties
2023-10-08 19:07:46,445 [INFO] ThirdPartyUpdaterWithRetryManager:92 - Updater plugin is busy. [1/15]
2023-10-08 19:07:46,477 [INFO] CheckServerUpdateThread:112 - End of CheckServer Thread
2023-10-08 19:07:46,553 [INFO] MainUpdater:2671 - connection check result : 10
2023-10-08 19:07:46,574 [INFO] McuFinderGlobals:52 - Set McuFinderConnectedMode to true
2023-10-08 19:07:47,909 [INFO] ServerAccessManage:362 - Download File mcusAds.json._tmp_
2023-10-08 19:07:48,024 [INFO] LoadUrlFilesThread:145 - End of LoadUrlFiles Thread
2023-10-08 19:07:48,785 [INFO] ServerAccessManage:362 - Download File mcusDocs.json._tmp_
2023-10-08 19:07:49,450 [WARN] MainUpdater:1122 - Updater busy. Cannot search thirdparties
2023-10-08 19:07:49,450 [INFO] ThirdPartyUpdaterWithRetryManager:92 - Updater plugin is busy. [2/15]
2023-10-08 19:07:49,674 [INFO] LoadUrlFilesThread:145 - End of LoadUrlFiles Thread
2023-10-08 19:07:49,836 [INFO] ServerAccessManage:362 - Download File mcusFeaturesAndDescription.json._tmp_
2023-10-08 19:07:50,921 [INFO] LoadUrlFilesThread:145 - End of LoadUrlFiles Thread
2023-10-08 19:07:51,115 [INFO] ServerAccessManage:362 - Download File boardsDocs.json._tmp_
2023-10-08 19:07:51,237 [INFO] LoadUrlFilesThread:145 - End of LoadUrlFiles Thread
2023-10-08 19:07:51,415 [INFO] ServerAccessManage:362 - Download File boards.json._tmp_
2023-10-08 19:07:51,636 [INFO] LoadUrlFilesThread:145 - End of LoadUrlFiles Thread
2023-10-08 19:07:51,807 [INFO] ServerAccessManage:362 - Download File cube-finder-db.zip
2023-10-08 19:07:52,462 [WARN] MainUpdater:1122 - Updater busy. Cannot search thirdparties
2023-10-08 19:07:52,463 [INFO] ThirdPartyUpdaterWithRetryManager:92 - Updater plugin is busy. [3/15]
2023-10-08 19:07:54,593 [INFO] FileExtend:235 - Unzip File : cube-finder-db.zip
2023-10-08 19:07:54,593 [INFO] FileExtend:250 - Standard Zip Deflate
2023-10-08 19:07:55,477 [WARN] MainUpdater:1122 - Updater busy. Cannot search thirdparties
2023-10-08 19:07:55,477 [INFO] ThirdPartyUpdaterWithRetryManager:92 - Updater plugin is busy. [4/15]
2023-10-08 19:07:55,593 [INFO] LoadUrlFilesThread:145 - End of LoadUrlFiles Thread
2023-10-08 19:07:56,777 [INFO] ServerAccessManage:362 - Download File crdb.zip
2023-10-08 19:07:58,429 [INFO] FileExtend:235 - Unzip File : crdb.zip
2023-10-08 19:07:58,430 [INFO] FileExtend:250 - Standard Zip Deflate
2023-10-08 19:07:58,479 [WARN] MainUpdater:1122 - Updater busy. Cannot search thirdparties
2023-10-08 19:07:58,479 [INFO] ThirdPartyUpdaterWithRetryManager:92 - Updater plugin is busy. [5/15]
2023-10-08 19:07:58,581 [INFO] LoadUrlFilesThread:145 - End of LoadUrlFiles Thread
2023-10-08 19:07:58,780 [INFO] ServerAccessManage:362 - Download File tutoVideoDB.zip
2023-10-08 19:07:58,828 [INFO] FileExtend:235 - Unzip File : tutoVideoDB.zip
2023-10-08 19:07:58,828 [INFO] FileExtend:250 - Standard Zip Deflate
2023-10-08 19:07:58,954 [INFO] LoadUrlFilesThread:145 - End of LoadUrlFiles Thread
2023-10-08 19:07:58,956 [INFO] DbMcusAds:47 - JSON generation date=Tue Mar 07 15:50:55 ICT 2023 (1678179055114)
2023-10-08 19:07:59,001 [INFO] DbMcusDocs:143 - JSON generation date=Tue Nov 16 23:17:54 ICT 2021 (1637079474)
2023-10-08 19:07:59,002 [INFO] DbMcusXml:100 - Load MCU database from D:\Study\MCU\Software\real\STM32CubeIDE_1.7.0\STM32CubeIDE\plugins\com.st.stm32cube.common.mx_6.3.0.202107141111\\db\/mcu/families.xml
2023-10-08 19:08:00,178 [INFO] DbMcusJson:93 - JSON generation date=Tue Nov 16 23:17:54 ICT 2021 (1637079474)
2023-10-08 19:08:01,562 [INFO] DbMcus:175 - Found 1951 MCUs (1903 are supported by CubeMX, 1914 are visible in CubeMX)
2023-10-08 19:08:01,563 [INFO] ApiDb:251 - Load user favorites file C:\Users\Huy Minh/.stm32cubeide/favorites.mcus.txt: 0 item(s)
2023-10-08 19:08:01,563 [INFO] ApiDb:255 - User favorites MCUs=[]
2023-10-08 19:08:01,563 [INFO] DbMcus:187 - Set 0 / 0 favorites MCUs
2023-10-08 19:08:01,708 [ERROR] Engine:463 - C:\Users\Huy Minh\.stm32cubemx\thirdparties\pdsc\STMicroelectronics.X-CUBE-SMBUS.2.1.0.pdsc: PDSC version is not supported
2023-10-08 19:08:01,829 [WARN] PackLoader:238 - Cannot read IP mode file for STMicroelectronics.X-CUBE-AZRTOS-F7.1.1.0
2023-10-08 19:08:01,861 [ERROR] Engine:463 - C:\Users\Huy Minh\.stm32cubemx\thirdparties\pdsc\STMicroelectronics.FP-SNS-MOTENV1.4.3.2.pdsc: PDSC version is not supported
2023-10-08 19:08:01,876 [ERROR] Engine:463 - C:\Users\Huy Minh\.stm32cubemx\thirdparties\pdsc\STMicroelectronics.FP-SNS-FLIGHT1.5.0.2.pdsc: PDSC version is not supported
2023-10-08 19:08:01,894 [ERROR] Engine:463 - C:\Users\Huy Minh\.stm32cubemx\thirdparties\pdsc\STMicroelectronics.X-CUBE-DISPLAY.3.0.0.pdsc: PDSC version is not supported
2023-10-08 19:08:01,914 [WARN] PackLoader:238 - Cannot read IP mode file for STMicroelectronics.X-CUBE-BLE1.7.0.0
2023-10-08 19:08:01,934 [ERROR] Engine:463 - C:\Users\Huy Minh\.stm32cubemx\thirdparties\pdsc\emotas.I-CUBE-CANOPEN.1.3.0.pdsc: PDSC version is not supported
2023-10-08 19:08:01,960 [WARN] PackLoader:238 - Cannot read IP mode file for STMicroelectronics.X-CUBE-TOUCHGFX.4.22.0
2023-10-08 19:08:01,977 [WARN] PackLoader:238 - Cannot read IP mode file for STMicroelectronics.X-CUBE-TOUCHGFX.4.22.1
2023-10-08 19:08:01,993 [ERROR] Engine:463 - C:\Users\Huy Minh\.stm32cubemx\thirdparties\pdsc\STMicroelectronics.FP-SNS-SMARTAG2.1.2.0.pdsc: PDSC version is not supported
2023-10-08 19:08:02,029 [INFO] LogOutputStream:76 - [STDOUT_REDIRECT] 1 : Invalid condition id : UX_CORESTACK_Condition cause : null
2023-10-08 19:08:02,030 [INFO] LogOutputStream:76 - [STDOUT_REDIRECT] 1 : Invalid condition id : UX_CORESTACK_Condition cause : null
2023-10-08 19:08:02,032 [INFO] LogOutputStream:76 - [STDOUT_REDIRECT] 1 : Invalid condition id : UX_CORESTACK_Condition cause : null
2023-10-08 19:08:02,033 [INFO] LogOutputStream:76 - [STDOUT_REDIRECT] 1 : Invalid condition id : UX_CORESTACK_Condition cause : null
2023-10-08 19:08:02,034 [INFO] LogOutputStream:76 - [STDOUT_REDIRECT] 1 : Invalid condition id : UX_CORESTACK_Condition cause : null
2023-10-08 19:08:02,042 [WARN] PackLoader:238 - Cannot read IP mode file for STMicroelectronics.X-CUBE-AZRTOS-WL.2.0.0
2023-10-08 19:08:02,066 [WARN] PackLoader:238 - Cannot read IP mode file for WES.I-CUBE-Cesium.1.3.0
2023-10-08 19:08:02,084 [WARN] PackLoader:238 - Cannot read IP mode file for STMicroelectronics.X-CUBE-BLE2.3.3.0
2023-10-08 19:08:02,112 [WARN] PackLoader:238 - Cannot read IP mode file for STMicroelectronics.X-CUBE-ALGOBUILD.1.3.0
2023-10-08 19:08:02,164 [WARN] PackLoader:238 - Cannot read IP mode file for STMicroelectronics.X-CUBE-AZRTOS-G0.1.1.0
2023-10-08 19:08:02,191 [WARN] PackLoader:238 - Cannot read IP mode file for STMicroelectronics.X-CUBE-NFC4.3.0.0
2023-10-08 19:08:02,212 [WARN] PackLoader:238 - Cannot read IP mode file for STMicroelectronics.FP-ATR-SIGFOX1.3.2.0
2023-10-08 19:08:02,314 [WARN] PackLoader:238 - Cannot read IP mode file for SEGGER.I-CUBE-embOS.1.3.1
2023-10-08 19:08:02,482 [WARN] PackLoader:238 - Cannot read IP mode file for STMicroelectronics.X-CUBE-GNSS1.6.0.0
2023-10-08 19:08:02,512 [INFO] DbMcusDocs:79 - Found 682 MCUs documents
2023-10-08 19:08:02,514 [INFO] ApiDb:276 - Save user favorites file C:\Users\Huy Minh/.stm32cubeide/favorites.mcus.txt: 0 item(s)
2023-10-08 19:08:02,515 [INFO] ApiDb:280 - User favorites MCUs=[]
2023-10-08 19:08:02,515 [INFO] DbMcusXml:100 - Load MCU database from D:\Study\MCU\Software\real\STM32CubeIDE_1.7.0\STM32CubeIDE\plugins\com.st.stm32cube.common.mx_6.3.0.202107141111\\db\/mcu/families.xml
2023-10-08 19:08:02,546 [WARN] PackLoader:238 - Cannot read IP mode file for STMicroelectronics.X-CUBE-AZRTOS-F4.1.1.0
2023-10-08 19:08:02,578 [WARN] PackLoader:238 - Cannot read IP mode file for wolfSSL.I-CUBE-wolfSSL.5.6.3
2023-10-08 19:08:02,661 [WARN] PackLoader:238 - Cannot read IP mode file for STMicroelectronics.X-CUBE-AZRTOS-L5.2.0.0
2023-10-08 19:08:02,808 [WARN] PackLoader:238 - Cannot read IP mode file for STMicroelectronics.X-CUBE-MEMS1.9.6.0
2023-10-08 19:08:03,503 [ERROR] Engine:463 - C:\Users\Huy Minh\.stm32cubemx\thirdparties\pdsc\ITTIA_DB.I-CUBE-ITTIADB.8.8.0.pdsc: PDSC version is not supported
2023-10-08 19:08:03,560 [WARN] PackLoader:238 - Cannot read IP mode file for STMicroelectronics.X-CUBE-BLEMGR.2.0.0
2023-10-08 19:08:03,666 [WARN] ConditionMgr:437 - getConditionDescription Invalid condition id : UX DEVICE CLASS RTOS Condition cause : null
2023-10-08 19:08:03,667 [WARN] ConditionMgr:437 - getConditionDescription Invalid condition id : UX DEVICE CLASS RTOS Condition cause : null
2023-10-08 19:08:03,677 [WARN] PackLoader:238 - Cannot read IP mode file for STMicroelectronics.X-CUBE-AZRTOS-H7.3.1.0
2023-10-08 19:08:03,680 [WARN] ConditionMgr:1038 - genDependencies : Invalid condition id : UX DEVICE CLASS RTOS Condition cause : null
2023-10-08 19:08:03,680 [WARN] ConditionMgr:1038 - genDependencies : Invalid condition id : UX DEVICE CLASS RTOS Condition cause : null
2023-10-08 19:08:03,682 [WARN] ConditionMgr:1038 - genDependencies : Invalid condition id : UX DEVICE CLASS RTOS Condition cause : null
2023-10-08 19:08:03,684 [WARN] ConditionMgr:1038 - genDependencies : Invalid condition id : UX DEVICE CLASS RTOS Condition cause : null
2023-10-08 19:08:03,685 [WARN] ConditionMgr:1038 - genDependencies : Invalid condition id : UX DEVICE CLASS RTOS Condition cause : null
2023-10-08 19:08:03,714 [WARN] PackLoader:238 - Cannot read IP mode file for STMicroelectronics.X-CUBE-NFC7.1.0.1
2023-10-08 19:08:03,750 [WARN] PackLoader:238 - Cannot read IP mode file for STMicroelectronics.X-CUBE-NFC6.3.0.0
2023-10-08 19:08:03,790 [WARN] PackLoader:238 - Cannot read IP mode file for STMicroelectronics.X-CUBE-EEPRMA1.4.1.0
2023-10-08 19:08:03,827 [WARN] PackLoader:238 - Cannot read IP mode file for STMicroelectronics.X-CUBE-AI.8.1.0
2023-10-08 19:08:03,895 [WARN] ConditionMgr:437 - getConditionDescription Invalid condition id : LAN8742 Phy interface Condition cause : null
2023-10-08 19:08:03,897 [WARN] PackLoader:238 - Cannot read IP mode file for STMicroelectronics.X-CUBE-AZRTOS-L4.2.0.0
2023-10-08 19:08:03,900 [WARN] ConditionMgr:1038 - genDependencies : Invalid condition id : LAN8742 Phy interface Condition cause : null
2023-10-08 19:08:03,901 [WARN] ConditionMgr:1038 - genDependencies : Invalid condition id : LAN8742 Phy interface Condition cause : null
2023-10-08 19:08:03,903 [WARN] ConditionMgr:1038 - genDependencies : Invalid condition id : LAN8742 Phy interface Condition cause : null
2023-10-08 19:08:03,923 [WARN] PackLoader:238 - Cannot read IP mode file for STMicroelectronics.X-CUBE-SFXS2LP1.4.0.0
2023-10-08 19:08:03,944 [WARN] PackLoader:238 - Cannot read IP mode file for STMicroelectronics.X-CUBE-ISPU.1.1.0
2023-10-08 19:08:04,004 [WARN] ConditionMgr:437 - getConditionDescription Invalid condition id : UX DEVICE CLASS RTOS Condition cause : null
2023-10-08 19:08:04,004 [WARN] ConditionMgr:437 - getConditionDescription Invalid condition id : UX DEVICE CLASS RTOS Condition cause : null
2023-10-08 19:08:04,008 [WARN] PackLoader:238 - Cannot read IP mode file for STMicroelectronics.X-CUBE-AZRTOS-WB.2.0.0
2023-10-08 19:08:04,009 [WARN] ConditionMgr:1038 - genDependencies : Invalid condition id : UX DEVICE CLASS RTOS Condition cause : null
2023-10-08 19:08:04,009 [WARN] ConditionMgr:1038 - genDependencies : Invalid condition id : UX DEVICE CLASS RTOS Condition cause : null
2023-10-08 19:08:04,010 [WARN] ConditionMgr:1038 - genDependencies : Invalid condition id : UX DEVICE CLASS RTOS Condition cause : null
2023-10-08 19:08:04,010 [WARN] ConditionMgr:1038 - genDependencies : Invalid condition id : UX DEVICE CLASS RTOS Condition cause : null
2023-10-08 19:08:04,010 [WARN] ConditionMgr:1038 - genDependencies : Invalid condition id : UX DEVICE CLASS RTOS Condition cause : null
2023-10-08 19:08:04,065 [WARN] PackLoader:238 - Cannot read IP mode file for STMicroelectronics.X-CUBE-SUBG2.5.0.0
2023-10-08 19:08:04,106 [ERROR] Engine:463 - C:\Users\Huy Minh\.stm32cubemx\thirdparties\pdsc\STMicroelectronics.X-CUBE-TOF1.3.3.1.pdsc: PDSC version is not supported
2023-10-08 19:08:04,285 [WARN] PackLoader:238 - Cannot read IP mode file for STMicroelectronics.X-CUBE-AZRTOS-G4.2.0.0
2023-10-08 19:08:04,329 [ERROR] Engine:463 - C:\Users\Huy Minh\.stm32cubemx\thirdparties\pdsc\STMicroelectronics.X-CUBE-FREERTOS.1.1.0.pdsc: PDSC version is not supported
2023-10-08 19:08:04,376 [WARN] PackLoader:238 - Cannot read IP mode file for portGmbH.I-Cube-SoM-uGOAL.1.1.0
2023-10-08 19:08:04,380 [INFO] DbMcusJson:93 - JSON generation date=Tue Nov 16 23:17:54 ICT 2021 (1637079474)
2023-10-08 19:08:04,404 [WARN] PackLoader:238 - Cannot read IP mode file for STMicroelectronics.X-CUBE-ALS.1.0.1
2023-10-08 19:08:04,456 [WARN] PackLoader:238 - Cannot read IP mode file for STMicroelectronics.FP-ATR-ASTRA1.2.0.0
2023-10-08 19:08:04,459 [INFO] ThirdParty:915 - Integrity check success = true
2023-10-08 19:08:04,459 [INFO] IntegrityCheckThread:94 - exiting critical section [integrity check]
2023-10-08 19:08:04,459 [INFO] IntegrityCheckThread:97 - End integrity checks thread
2023-10-08 19:08:05,508 [INFO] DbMcus:175 - Found 1951 MCUs (1903 are supported by CubeMX, 1914 are visible in CubeMX)
2023-10-08 19:08:05,509 [INFO] ApiDb:251 - Load user favorites file C:\Users\Huy Minh/.stm32cubeide/favorites.mcus.txt: 0 item(s)
2023-10-08 19:08:05,509 [INFO] ApiDb:255 - User favorites MCUs=[]
2023-10-08 19:08:05,509 [INFO] DbMcus:187 - Set 0 / 0 favorites MCUs
2023-10-08 19:08:05,515 [INFO] DbBoardsDocs:143 - JSON generation date=Tue Nov 16 23:17:54 ICT 2021 (1637079474)
2023-10-08 19:08:05,535 [INFO] DbBoardsPdsc:90 - Found 25 items
2023-10-08 19:08:05,545 [INFO] DbBoardsPdsc:90 - Found 9 items
2023-10-08 19:08:05,558 [INFO] DbBoardsPdsc:90 - Found 33 items
2023-10-08 19:08:05,573 [INFO] DbBoardsPdsc:90 - Found 1 items
2023-10-08 19:08:05,589 [INFO] DbBoardsPdsc:90 - Found 48 items
2023-10-08 19:08:05,604 [INFO] DbBoardsPdsc:90 - Found 43 items
2023-10-08 19:08:05,614 [INFO] DbBoardsPdsc:90 - Found 2 items
2023-10-08 19:08:05,629 [INFO] DbBoardsPdsc:90 - Found 5 items
2023-10-08 19:08:05,637 [WARN] DbBoardsPdsc:254 - Board STM32H7B3I-DK: unknown feature type=Audio, name=, username=Audio stereo codec with Headphone Amp (CS42L51-CNZ), n=1
2023-10-08 19:08:05,638 [WARN] DbBoardsPdsc:254 - Board STM32H735G-DK: unknown feature type=Audio, name=, username=Audio stereo codec with Headphone Amp (WM8994ECS/R), n=1
2023-10-08 19:08:05,641 [WARN] DbBoardsPdsc:254 - Board STM32H7B3I-EVAL: unknown feature type=Audio, name=, username=Multi-Channel Audio Codec (CS42L51-CNZ), n=1
2023-10-08 19:08:05,641 [WARN] DbBoardsPdsc:254 - Board STM32H7B3I-EVAL: unknown feature type=Meter, name=, username=Power-metering and Temperature-monitoring with sigma-delta modulators, n=1
2023-10-08 19:08:05,642 [WARN] DbBoardsPdsc:254 - Board STM32H7B3I-EVAL: unknown feature type=Motor, name=, username=Motor Control, n=1
2023-10-08 19:08:05,643 [WARN] DbBoardsPdsc:254 - Board STM32U575I-EV: unknown feature type=joystick, name=, username=4-direction joystick with selection button, n=1
2023-10-08 19:08:05,673 [INFO] DbBoardsJson:86 - JSON generation date=Tue Nov 16 23:17:54 ICT 2021 (1637079474)
2023-10-08 19:08:05,682 [INFO] DbBoards:117 - Found 167 boards (163 are supported by CubeMX)
2023-10-08 19:08:05,688 [INFO] DbBoardsDocs:143 - JSON generation date=Tue Nov 16 23:17:54 ICT 2021 (1637079474)
2023-10-08 19:08:05,694 [INFO] DbBoardsDocs:79 - Found 209 boards documents
2023-10-08 19:08:05,696 [WARN] DbBoards:127 - board B-L475E-IOT01A2 has no document id list !
2023-10-08 19:08:05,698 [WARN] DbBoards:127 - board NUCLEO-H743ZI has no document id list !
2023-10-08 19:08:05,700 [WARN] DbBoards:127 - board NUCLEO-WL55JC2 has no document id list !
2023-10-08 19:08:05,700 [WARN] DbBoards:127 - board P-NUCLEO-WB55-Nucleo has no document id list !
2023-10-08 19:08:05,700 [WARN] DbBoards:127 - board P-NUCLEO-WB55-USBDongle has no document id list !
2023-10-08 19:08:05,700 [WARN] DbBoards:127 - board STEVAL-BFA001V1B has no document id list !
2023-10-08 19:08:05,700 [WARN] DbBoards:127 - board STEVAL-BFA001V2B has no document id list !
2023-10-08 19:08:05,700 [WARN] DbBoards:127 - board STEVAL-IDP005V1 has no document id list !
2023-10-08 19:08:05,700 [WARN] DbBoards:127 - board STEVAL-IDP005V2 has no document id list !
2023-10-08 19:08:05,700 [WARN] DbBoards:127 - board STEVAL-MKSBOX1V1 has no document id list !
2023-10-08 19:08:05,700 [WARN] DbBoards:127 - board STEVAL-STWINKT1 has no document id list !
2023-10-08 19:08:05,700 [WARN] DbBoards:127 - board STEVAL-STWINKT1B has no document id list !
2023-10-08 19:08:05,701 [WARN] DbBoards:127 - board STM32439I-EVAL2 has no document id list !
2023-10-08 19:08:05,701 [WARN] DbBoards:127 - board STM32F401C-DISCO has no document id list !
2023-10-08 19:08:05,702 [WARN] DbBoards:127 - board STM32F769I-DISC1 has no document id list !
2023-10-08 19:08:05,703 [WARN] DbBoards:127 - board STM32G474E-EVAL1 has no document id list !
2023-10-08 19:08:05,703 [WARN] DbBoards:127 - board STM32H743I-EVAL2 has no document id list !
2023-10-08 19:08:05,703 [WARN] DbBoards:127 - board STM32H747I-DISC1 has no document id list !
2023-10-08 19:08:05,704 [WARN] DbBoards:127 - board STM32H753I-EVAL2 has no document id list !
2023-10-08 19:08:05,704 [WARN] DbBoards:127 - board STM32L-DISCOVERY has no document id list !
2023-10-08 19:08:05,880 [ERROR] DbBoards:189 - Image file not found for board B-U585I-IOT02A: D:\Study\MCU\Software\real\STM32CubeIDE_1.7.0\STM32CubeIDE\plugins\com.st.stm32cube.common.mx_6.3.0.202107141111\\db\/plugins/mcufinder/images/boards/B-U585I-IOT02A_small.jpg
2023-10-08 19:08:06,039 [ERROR] DbBoards:189 - Image file not found for board NUCLEO-F413ZH: D:\Study\MCU\Software\real\STM32CubeIDE_1.7.0\STM32CubeIDE\plugins\com.st.stm32cube.common.mx_6.3.0.202107141111\\db\/plugins/mcufinder/images/boards/nucleo-f413zh_small.jpg
2023-10-08 19:08:06,255 [ERROR] DbBoards:189 - Image file not found for board NUCLEO-L552ZE-Q: D:\Study\MCU\Software\real\STM32CubeIDE_1.7.0\STM32CubeIDE\plugins\com.st.stm32cube.common.mx_6.3.0.202107141111\\db\/plugins/mcufinder/images/boards/nucleo_l552ze_q_small.jpg
2023-10-08 19:08:06,255 [ERROR] DbBoards:189 - Image file not found for board NUCLEO-U575ZI-Q: D:\Study\MCU\Software\real\STM32CubeIDE_1.7.0\STM32CubeIDE\plugins\com.st.stm32cube.common.mx_6.3.0.202107141111\\db\/plugins/mcufinder/images/boards/nucleo-u575zi-q_small.jpg
2023-10-08 19:08:06,255 [ERROR] DbBoards:189 - Image file not found for board NUCLEO-WB15CC: D:\Study\MCU\Software\real\STM32CubeIDE_1.7.0\STM32CubeIDE\plugins\com.st.stm32cube.common.mx_6.3.0.202107141111\\db\/plugins/mcufinder/images/boards/nucleo-wb15cc_small.jpg
2023-10-08 19:08:06,255 [ERROR] DbBoards:189 - Image file not found for board NUCLEO-WB55RG: D:\Study\MCU\Software\real\STM32CubeIDE_1.7.0\STM32CubeIDE\plugins\com.st.stm32cube.common.mx_6.3.0.202107141111\\db\/plugins/mcufinder/images/boards/nucleo-wb55rg_small.jpg
2023-10-08 19:08:08,070 [INFO] ApiDb:251 - Load user favorites file C:\Users\Huy Minh/.stm32cubeide/favorites.boards.txt: 0 item(s)
2023-10-08 19:08:08,070 [INFO] ApiDb:255 - User favorites Boards=[]
2023-10-08 19:08:08,070 [INFO] DbBoards:206 - Set 0 / 0 favorites Boards
2023-10-08 19:08:08,073 [INFO] DbBoardsDocs:79 - Found 418 boards documents
2023-10-08 19:08:08,073 [INFO] ApiDb:276 - Save user favorites file C:\Users\Huy Minh/.stm32cubeide/favorites.boards.txt: 0 item(s)
2023-10-08 19:08:08,074 [INFO] ApiDb:280 - User favorites Boards=[]
2023-10-08 19:08:08,077 [INFO] DbBoardsPdsc:90 - Found 25 items
2023-10-08 19:08:08,080 [INFO] DbBoardsPdsc:90 - Found 9 items
2023-10-08 19:08:08,084 [INFO] DbBoardsPdsc:90 - Found 33 items
2023-10-08 19:08:08,085 [INFO] DbBoardsPdsc:90 - Found 1 items
2023-10-08 19:08:08,089 [INFO] DbBoardsPdsc:90 - Found 48 items
2023-10-08 19:08:08,094 [INFO] DbBoardsPdsc:90 - Found 43 items
2023-10-08 19:08:08,095 [INFO] DbBoardsPdsc:90 - Found 2 items
2023-10-08 19:08:08,095 [INFO] DbBoardsPdsc:90 - Found 5 items
2023-10-08 19:08:08,098 [WARN] DbBoardsPdsc:254 - Board STM32H7B3I-DK: unknown feature type=Audio, name=, username=Audio stereo codec with Headphone Amp (CS42L51-CNZ), n=1
2023-10-08 19:08:08,099 [WARN] DbBoardsPdsc:254 - Board STM32H735G-DK: unknown feature type=Audio, name=, username=Audio stereo codec with Headphone Amp (WM8994ECS/R), n=1
2023-10-08 19:08:08,102 [WARN] DbBoardsPdsc:254 - Board STM32H7B3I-EVAL: unknown feature type=Audio, name=, username=Multi-Channel Audio Codec (CS42L51-CNZ), n=1
2023-10-08 19:08:08,102 [WARN] DbBoardsPdsc:254 - Board STM32H7B3I-EVAL: unknown feature type=Meter, name=, username=Power-metering and Temperature-monitoring with sigma-delta modulators, n=1
2023-10-08 19:08:08,102 [WARN] DbBoardsPdsc:254 - Board STM32H7B3I-EVAL: unknown feature type=Motor, name=, username=Motor Control, n=1
2023-10-08 19:08:08,103 [WARN] DbBoardsPdsc:254 - Board STM32U575I-EV: unknown feature type=joystick, name=, username=4-direction joystick with selection button, n=1
2023-10-08 19:08:08,121 [INFO] DbBoardsJson:86 - JSON generation date=Tue Nov 16 23:17:54 ICT 2021 (1637079474)
2023-10-08 19:08:08,126 [INFO] DbBoards:117 - Found 167 boards (163 are supported by CubeMX)
2023-10-08 19:08:08,126 [WARN] DbBoards:127 - board B-L475E-IOT01A2 has no document id list !
2023-10-08 19:08:08,127 [WARN] DbBoards:127 - board NUCLEO-H743ZI has no document id list !
2023-10-08 19:08:08,128 [WARN] DbBoards:127 - board NUCLEO-WL55JC2 has no document id list !
2023-10-08 19:08:08,128 [WARN] DbBoards:127 - board P-NUCLEO-WB55-Nucleo has no document id list !
2023-10-08 19:08:08,128 [WARN] DbBoards:127 - board P-NUCLEO-WB55-USBDongle has no document id list !
2023-10-08 19:08:08,128 [WARN] DbBoards:127 - board STEVAL-BFA001V1B has no document id list !
2023-10-08 19:08:08,128 [WARN] DbBoards:127 - board STEVAL-BFA001V2B has no document id list !
2023-10-08 19:08:08,128 [WARN] DbBoards:127 - board STEVAL-IDP005V1 has no document id list !
2023-10-08 19:08:08,128 [WARN] DbBoards:127 - board STEVAL-IDP005V2 has no document id list !
2023-10-08 19:08:08,128 [WARN] DbBoards:127 - board STEVAL-MKSBOX1V1 has no document id list !
2023-10-08 19:08:08,128 [WARN] DbBoards:127 - board STEVAL-STWINKT1 has no document id list !
2023-10-08 19:08:08,128 [WARN] DbBoards:127 - board STEVAL-STWINKT1B has no document id list !
2023-10-08 19:08:08,128 [WARN] DbBoards:127 - board STM32439I-EVAL2 has no document id list !
2023-10-08 19:08:08,128 [WARN] DbBoards:127 - board STM32F401C-DISCO has no document id list !
2023-10-08 19:08:08,128 [WARN] DbBoards:127 - board STM32F769I-DISC1 has no document id list !
2023-10-08 19:08:08,128 [WARN] DbBoards:127 - board STM32G474E-EVAL1 has no document id list !
2023-10-08 19:08:08,128 [WARN] DbBoards:127 - board STM32H743I-EVAL2 has no document id list !
2023-10-08 19:08:08,128 [WARN] DbBoards:127 - board STM32H747I-DISC1 has no document id list !
2023-10-08 19:08:08,129 [WARN] DbBoards:127 - board STM32H753I-EVAL2 has no document id list !
2023-10-08 19:08:08,129 [WARN] DbBoards:127 - board STM32L-DISCOVERY has no document id list !
2023-10-08 19:08:08,215 [ERROR] DbBoards:189 - Image file not found for board B-U585I-IOT02A: D:\Study\MCU\Software\real\STM32CubeIDE_1.7.0\STM32CubeIDE\plugins\com.st.stm32cube.common.mx_6.3.0.202107141111\\db\/plugins/mcufinder/images/boards/B-U585I-IOT02A_small.jpg
2023-10-08 19:08:08,315 [ERROR] DbBoards:189 - Image file not found for board NUCLEO-F413ZH: D:\Study\MCU\Software\real\STM32CubeIDE_1.7.0\STM32CubeIDE\plugins\com.st.stm32cube.common.mx_6.3.0.202107141111\\db\/plugins/mcufinder/images/boards/nucleo-f413zh_small.jpg
2023-10-08 19:08:08,520 [ERROR] DbBoards:189 - Image file not found for board NUCLEO-L552ZE-Q: D:\Study\MCU\Software\real\STM32CubeIDE_1.7.0\STM32CubeIDE\plugins\com.st.stm32cube.common.mx_6.3.0.202107141111\\db\/plugins/mcufinder/images/boards/nucleo_l552ze_q_small.jpg
2023-10-08 19:08:08,520 [ERROR] DbBoards:189 - Image file not found for board NUCLEO-U575ZI-Q: D:\Study\MCU\Software\real\STM32CubeIDE_1.7.0\STM32CubeIDE\plugins\com.st.stm32cube.common.mx_6.3.0.202107141111\\db\/plugins/mcufinder/images/boards/nucleo-u575zi-q_small.jpg
2023-10-08 19:08:08,520 [ERROR] DbBoards:189 - Image file not found for board NUCLEO-WB15CC: D:\Study\MCU\Software\real\STM32CubeIDE_1.7.0\STM32CubeIDE\plugins\com.st.stm32cube.common.mx_6.3.0.202107141111\\db\/plugins/mcufinder/images/boards/nucleo-wb15cc_small.jpg
2023-10-08 19:08:08,521 [ERROR] DbBoards:189 - Image file not found for board NUCLEO-WB55RG: D:\Study\MCU\Software\real\STM32CubeIDE_1.7.0\STM32CubeIDE\plugins\com.st.stm32cube.common.mx_6.3.0.202107141111\\db\/plugins/mcufinder/images/boards/nucleo-wb55rg_small.jpg
2023-10-08 19:08:09,477 [INFO] ApiDb:251 - Load user favorites file C:\Users\Huy Minh/.stm32cubeide/favorites.boards.txt: 0 item(s)
2023-10-08 19:08:09,478 [INFO] ApiDb:255 - User favorites Boards=[]
2023-10-08 19:08:09,478 [INFO] DbBoards:206 - Set 0 / 0 favorites Boards
2023-10-08 19:08:09,487 [INFO] LoadUrlFilesThread:172 - End of LoadServerUrlFiles without Thread
2023-10-08 19:08:09,487 [INFO] TargetSelectorAdapter:224 - Refresh data is successful
2023-10-08 19:08:09,645 [INFO] ApiDb:479 - Connected to CubeFinder SQLite database (C:\Users\Huy Minh\.stmcufinder\plugins\mcufinder\mcu\cube-finder-db.db)
2023-10-08 19:08:10,570 [INFO] DbExamplesSqlite:411 - Ignored 27 examples not supported by CubeIDE
2023-10-08 19:08:10,570 [INFO] DbExamplesSqlite:412 - Found 7231 examples active
2023-10-08 19:08:10,570 [INFO] DbExamplesSqlite:413 - Found 677 examples obsolete
2023-10-08 19:08:10,570 [INFO] DbExamplesSqlite:414 - Found 0 examples under development
2023-10-08 19:08:10,570 [INFO] DbExamplesSqlite:415 - Found 74 examples not building
2023-10-08 19:08:10,616 [INFO] DbExamplesSqlite:108 - CubeFinder database Data Model version=2.1
2023-10-08 19:08:10,616 [INFO] DbExamplesSqlite:109 - CubeFinder database Configuration version=3.0.37
2023-10-08 19:08:10,616 [INFO] DbExamplesSqlite:110 - CubeFinder database generation date=2023-08-09 (1691586011)
2023-10-08 19:08:10,616 [INFO] DbExamplesSqlite:111 - CubeFinder database FW Pack versions=[FP-ATR-ASTRA1_V2.0.0, FP-SNS-FLIGHT1_V5.0.1, FP-SNS-FLIGHT1_V5.0.2, FP-SNS-MOTENV1_V4.3.1, FP-SNS-MOTENV1_V4.3.2, STM32Cube_FW_C0_V1.1.0, STM32Cube_FW_F4_V1.27.1, STM32Cube_FW_F7_V1.17.0, STM32Cube_FW_G0_V1.6.1, STM32Cube_FW_G4_V1.5.1, STM32Cube_FW_H5_V0.5.1, STM32Cube_FW_H5_V1.1.0, STM32Cube_FW_H7_V1.11.0, STM32Cube_FW_L0_V1.12.2, STM32Cube_FW_L5_V1.5.0, STM32Cube_FW_U5_V1.3.0, STM32Cube_FW_U5_V1.3.0RC4, STM32Cube_FW_WBA_V1.0.0RC1, STM32Cube_FW_WBA_V1.1.0, STM32Cube_FW_WBA_V1.1.0RC1, STM32Cube_FW_WB_V1.15.0RC1, STM32Cube_FW_WB_V1.16.0, STM32Cube_FW_WB_V1.16.0RC2, STM32Cube_FW_WB_V1.17.0, STM32Cube_FW_WL_V1.3.0, X-CUBE-ALGOBUILD_V1.3.0, X-CUBE-ALS_V1.0.1, X-CUBE-AZRTOS-F4_V1.1.0, X-CUBE-AZRTOS-F7_V1.1.0, X-CUBE-AZRTOS-G0_V1.1.0, X-CUBE-AZRTOS-G4_V2.0.0, X-CUBE-AZRTOS-H7_V3.1.0, X-CUBE-AZRTOS-L4_V1.0.0, X-CUBE-AZRTOS-L4_V2.0.0, X-CUBE-AZRTOS-L5_V1.1.0, X-CUBE-AZRTOS-WB_V1.1.0, X-CUBE-AZRTOS-WL_V2.0.0, X-CUBE-BLE1_V7.0.0, X-CUBE-BLE2_V3.3.0, X-CUBE-BLEMGR_V2.0.0, X-CUBE-EEPRMA1_V4.1.0, X-CUBE-FREERTOS_V1.1.0, X-CUBE-GNSS1_V6.0.0, X-CUBE-MEMS1_V9.1.0, X-CUBE-MEMS1_V9.4.0, X-CUBE-MEMS1_V9.6.0, X-CUBE-NFC4_V3.0.0, X-CUBE-NFC7_V1.0.0, X-CUBE-SFXS2LP1_V4.0.0, X-CUBE-SUBG2_V5.0.0, X-CUBE-TOF1_V3.3.1]
2023-10-08 19:08:10,617 [INFO] DbExamples:130 - Found 7278 examples
2023-10-08 19:08:11,405 [ERROR] DbExamples:206 - Found 7278 examples with invalid data (board or MCU)
2023-10-08 19:08:11,405 [INFO] DbExamples:222 - Found 79 boards with related examples
2023-10-08 19:08:11,406 [INFO] DbExamples:235 - Found 0 MCUs with related examples
2023-10-08 19:08:11,440 [INFO] ApiDb:242 - User favorites file not found: C:\Users\Huy Minh/.stm32cubeide/favorites.examples.txt
2023-10-08 19:08:11,440 [INFO] DbExamples:256 - Set 0 / 0 favorites Examples
2023-10-08 19:08:11,771 [INFO] McuFinderGlobals:52 - Set McuFinderConnectedMode to false
2023-10-08 19:08:11,875 [INFO] CrossSelectorPresenter:1330 - Cross Selector saved comparison directory: C:\Users\Huy Minh\.stmcufinder\plugins\mcufinder\mcu\cs_comparisons_mx
2023-10-08 19:08:11,881 [INFO] MultiScanPanel:197 - Auto-refresh data requested => check proxy status ongoing
2023-10-08 19:08:11,882 [INFO] MultiScanPanel:201 - Proxy status is invalid
2023-10-08 19:08:11,884 [INFO] FinderPluginLoader:87 - Searching for filters in installed packs
2023-10-08 19:08:12,335 [INFO] DetailPanel:309 - Set advertising image to C:/Users/Huy Minh/STM32Cube/Repository/\en.prom-stm32h5-mcu-finder.jpg
2023-10-08 19:08:51,768 [INFO] MainUpdater:2671 - connection check result : 10
2023-10-08 19:08:51,768 [INFO] MainUpdater:2671 - connection check result : 10
2023-10-08 19:08:51,810 [INFO] MicroXplorer:448 - Change Database Path : 
2023-10-08 19:08:51,810 [INFO] MicroXplorer:478 - Change Database Version : DB.6.0.30
2023-10-08 19:08:51,810 [WARN] ThirdParty:813 - waiting for thirdparty lock release [close project]
2023-10-08 19:08:51,810 [INFO] ThirdParty:815 - entering critical section [close project]
2023-10-08 19:08:51,811 [INFO] ThirdParty:825 - exiting critical section [close project]
2023-10-08 19:08:51,815 [INFO] PinOutPanel:1463 - setPackage(No Configuration,No Configuration)
2023-10-08 19:08:51,816 [INFO] UtilMem:74 - Begin LoadConfig() Used Memory: 587656832 Bytes (639631360)
2023-10-08 19:08:51,817 [INFO] MicroXplorer:448 - Change Database Path : 
2023-10-08 19:08:51,818 [INFO] MicroXplorer:478 - Change Database Version : DB.6.0.30
2023-10-08 19:08:51,818 [INFO] OpenFileManager:313 - Change cursor
2023-10-08 19:08:52,747 [INFO] Context:592 - Trying to add GPIOservice into a context  which must be forbidden
2023-10-08 19:08:52,993 [INFO] ImportTextPane:167 - (OptionalMessage_ERROR) Unable to find key (Mcu.ThirdPartyNb) in loaded IOC file
2023-10-08 19:08:52,994 [INFO] ImportTextPane:167 - (OptionalMessage_ERROR) Unable to find key (Mcu.PinsNb) in loaded IOC file
2023-10-08 19:08:52,994 [INFO] ImportTextPane:167 - (OptionalMessage_ERROR) Unable to find key (Mcu.IPNb) in loaded IOC file
2023-10-08 19:08:53,026 [WARN] ApiManager:304 - Cannot register API 'Board Extension:GNSS1A1' from pack STMicroelectronics.X-CUBE-GNSS1.6.0.0: no header file found
2023-10-08 19:08:53,027 [WARN] ApiManager:304 - Cannot register API 'Board Support:Custom' from pack STMicroelectronics.X-CUBE-GNSS1.6.0.0: no header file found
2023-10-08 19:08:53,027 [WARN] ApiManager:304 - Cannot register API 'Data Exchange:lib_gnss' from pack STMicroelectronics.X-CUBE-GNSS1.6.0.0: no header file found
2023-10-08 19:08:53,030 [WARN] ApiManager:304 - Cannot register API 'Wireless:BlueNRG-MS' from pack STMicroelectronics.X-CUBE-BLE1.7.0.0: no header file found
2023-10-08 19:08:53,033 [WARN] ModelIntegratedComponent:60 - No mode defined for component null
2023-10-08 19:08:53,033 [WARN] ModelIntegratedComponent:60 - No mode defined for component null
2023-10-08 19:08:53,033 [WARN] ModelIntegratedComponent:60 - No mode defined for component null
2023-10-08 19:08:53,033 [WARN] ModelIntegratedComponent:60 - No mode defined for component null
2023-10-08 19:08:53,033 [WARN] ModelIntegratedComponent:60 - No mode defined for component null
2023-10-08 19:08:53,033 [WARN] ModelIntegratedComponent:60 - No mode defined for component null
2023-10-08 19:08:53,033 [WARN] ModelIntegratedComponent:60 - No mode defined for component null
2023-10-08 19:08:53,033 [WARN] ModelIntegratedComponent:60 - No mode defined for component null
2023-10-08 19:08:53,033 [WARN] ModelIntegratedComponent:60 - No mode defined for component null
2023-10-08 19:08:53,033 [WARN] ModelIntegratedComponent:60 - No mode defined for component null
2023-10-08 19:08:53,033 [WARN] ModelIntegratedComponent:60 - No mode defined for component null
2023-10-08 19:08:53,034 [WARN] ModelIntegratedComponent:60 - No mode defined for component null
2023-10-08 19:08:53,034 [WARN] ModelIntegratedComponent:60 - No mode defined for component null
2023-10-08 19:08:53,034 [WARN] ModelIntegratedComponent:60 - No mode defined for component null
2023-10-08 19:08:53,034 [WARN] ModelIntegratedComponent:60 - No mode defined for component null
2023-10-08 19:08:53,034 [WARN] ModelIntegratedComponent:60 - No mode defined for component null
2023-10-08 19:08:53,034 [WARN] ModelIntegratedComponent:60 - No mode defined for component null
2023-10-08 19:08:53,034 [WARN] ModelIntegratedComponent:60 - No mode defined for component null
2023-10-08 19:08:53,034 [WARN] ModelIntegratedComponent:60 - No mode defined for component null
2023-10-08 19:08:53,034 [WARN] ModelIntegratedComponent:60 - No mode defined for component null
2023-10-08 19:08:53,034 [WARN] ModelIntegratedComponent:60 - No mode defined for component null
2023-10-08 19:08:53,034 [WARN] ModelIntegratedComponent:60 - No mode defined for component null
2023-10-08 19:08:53,034 [WARN] ModelIntegratedComponent:60 - No mode defined for component null
2023-10-08 19:08:53,034 [WARN] ModelIntegratedComponent:60 - No mode defined for component null
2023-10-08 19:08:53,034 [WARN] ModelIntegratedComponent:60 - No mode defined for component null
2023-10-08 19:08:53,034 [WARN] ModelIntegratedComponent:60 - No mode defined for component null
2023-10-08 19:08:53,034 [WARN] ModelIntegratedComponent:60 - No mode defined for component null
2023-10-08 19:08:53,035 [WARN] ModelIntegratedComponent:60 - No mode defined for component null
2023-10-08 19:08:53,035 [WARN] ModelIntegratedComponent:60 - No mode defined for component null
2023-10-08 19:08:53,035 [WARN] ModelIntegratedComponent:60 - No mode defined for component null
2023-10-08 19:08:53,035 [WARN] ModelIntegratedComponent:60 - No mode defined for component null
2023-10-08 19:08:53,037 [WARN] ApiManager:304 - Cannot register API 'Board Extension:NFC07A1' from pack STMicroelectronics.X-CUBE-NFC7.1.0.1: no header file found
2023-10-08 19:08:53,041 [WARN] ApiManager:304 - Cannot register API 'Board Extension:NFC06A1' from pack STMicroelectronics.X-CUBE-NFC6.3.0.0: no header file found
2023-10-08 19:08:53,041 [WARN] ApiManager:304 - Cannot register API 'Board Extension:NFC08A1' from pack STMicroelectronics.X-CUBE-NFC6.3.0.0: no header file found
2023-10-08 19:08:53,042 [WARN] ApiManager:304 - Cannot register API 'Board Extension:EEPRMA1' from pack STMicroelectronics.X-CUBE-EEPRMA1.4.1.0: no header file found
2023-10-08 19:08:53,042 [WARN] ApiManager:304 - Cannot register API 'Board Extension:EEPRMA2' from pack STMicroelectronics.X-CUBE-EEPRMA1.4.1.0: no header file found
2023-10-08 19:08:53,042 [WARN] ApiManager:304 - Cannot register API 'Board Extension:PGEEZ1' from pack STMicroelectronics.X-CUBE-EEPRMA1.4.1.0: no header file found
2023-10-08 19:08:53,042 [WARN] ApiManager:304 - Cannot register API 'Board Part:M24' from pack STMicroelectronics.X-CUBE-EEPRMA1.4.1.0: no header file found
2023-10-08 19:08:53,042 [WARN] ApiManager:304 - Cannot register API 'Board Part:M95' from pack STMicroelectronics.X-CUBE-EEPRMA1.4.1.0: no header file found
2023-10-08 19:08:53,042 [WARN] ApiManager:304 - Cannot register API 'Board Part:M95P32' from pack STMicroelectronics.X-CUBE-EEPRMA1.4.1.0: no header file found
2023-10-08 19:08:53,042 [WARN] ApiManager:304 - Cannot register API 'PGEEZ1:SPI' from pack STMicroelectronics.X-CUBE-EEPRMA1.4.1.0: no header file found
2023-10-08 19:08:53,042 [WARN] ApiManager:304 - Cannot register API 'PGEEZ1:QDSPI' from pack STMicroelectronics.X-CUBE-EEPRMA1.4.1.0: no header file found
2023-10-08 19:08:53,288 [WARN] ApiManager:304 - Cannot register API 'Board Extension:IKS01A3' from pack STMicroelectronics.X-CUBE-MEMS1.9.6.0: no header file found
2023-10-08 19:08:53,288 [WARN] ApiManager:304 - Cannot register API 'Board Extension:IKS01A2' from pack STMicroelectronics.X-CUBE-MEMS1.9.6.0: no header file found
2023-10-08 19:08:53,289 [WARN] ApiManager:304 - Cannot register API 'Board Extension:IKS02A1' from pack STMicroelectronics.X-CUBE-MEMS1.9.6.0: no header file found
2023-10-08 19:08:53,318 [INFO] RtosManager:484 - Registered RTOS mode: class=CMSIS, group=RTOS, mode=CMSIS_V1, owner=FREERTOS
2023-10-08 19:08:53,318 [INFO] RtosManager:484 - Registered RTOS mode: class=CMSIS, group=RTOS2, mode=CMSIS_V2, owner=FREERTOS
2023-10-08 19:08:53,318 [INFO] RtosManager:484 - Registered RTOS mode: class=RTOS, group=Core, mode=CMSIS_V1, owner=FREERTOS
2023-10-08 19:08:53,318 [INFO] RtosManager:484 - Registered RTOS mode: class=RTOS, group=Core, mode=CMSIS_V2, owner=FREERTOS
2023-10-08 19:08:53,319 [WARN] ModelIntegratedComponent:181 - Missing modes for component STMicroelectronics:FreeRTOS:0.0.1:STMicroelectronics:RTOS:FreeRTOS:Core:::10.2.0:
2023-10-08 19:08:53,322 [WARN] ApiManager:304 - Cannot register API 'Board Extension:NFC04A1' from pack STMicroelectronics.X-CUBE-NFC4.3.0.0: no header file found
2023-10-08 19:08:53,326 [WARN] ApiManager:304 - Cannot register API 'Board Extension:S2868A1' from pack STMicroelectronics.X-CUBE-SUBG2.5.0.0: no header file found
2023-10-08 19:08:53,326 [WARN] ApiManager:304 - Cannot register API 'Board Extension:S2868A2' from pack STMicroelectronics.X-CUBE-SUBG2.5.0.0: no header file found
2023-10-08 19:08:53,326 [WARN] ApiManager:304 - Cannot register API 'Board Extension:S2915A1' from pack STMicroelectronics.X-CUBE-SUBG2.5.0.0: no header file found
2023-10-08 19:08:53,330 [WARN] ApiManager:304 - Cannot register API 'Board Extension:S2868A1' from pack STMicroelectronics.X-CUBE-SFXS2LP1.4.0.0: no header file found
2023-10-08 19:08:53,330 [WARN] ApiManager:304 - Cannot register API 'Board Extension:S2868A2' from pack STMicroelectronics.X-CUBE-SFXS2LP1.4.0.0: no header file found
2023-10-08 19:08:53,330 [WARN] ApiManager:304 - Cannot register API 'Board Extension:S2915A1' from pack STMicroelectronics.X-CUBE-SFXS2LP1.4.0.0: no header file found
2023-10-08 19:08:53,331 [WARN] ApiManager:304 - Cannot register API 'Wireless:BlueNRG-2' from pack STMicroelectronics.X-CUBE-BLE2.3.3.0: no header file found
2023-10-08 19:08:55,309 [INFO] UtilMem:74 - End LoadConfig() Used Memory: 630214552 Bytes (721420288)
2023-10-08 19:08:55,316 [WARN] ThirdParty:779 - waiting for thirdparty lock release [change project]
2023-10-08 19:08:55,316 [INFO] ThirdParty:781 - entering critical section [change project]
2023-10-08 19:08:55,316 [INFO] ThirdParty:967 - CMSIS Pack Vendor :STMicroelectronics X-CUBE-ISPU 1.1.0
2023-10-08 19:08:55,316 [INFO] ThirdParty:967 - CMSIS Pack Vendor :STMicroelectronics X-CUBE-GNSS1 6.0.0
2023-10-08 19:08:55,316 [INFO] ThirdParty:967 - CMSIS Pack Vendor :STMicroelectronics USB_HOST 2.0.0
2023-10-08 19:08:55,316 [INFO] ThirdParty:967 - CMSIS Pack Vendor :STMicroelectronics X-CUBE-AZRTOS-F4 1.1.0
2023-10-08 19:08:55,316 [INFO] ThirdParty:967 - CMSIS Pack Vendor :STMicroelectronics X-CUBE-BLE1 7.0.0
2023-10-08 19:08:55,316 [INFO] ThirdParty:967 - CMSIS Pack Vendor :STMicroelectronics FP-ATR-SIGFOX1 3.2.0
2023-10-08 19:08:55,316 [INFO] ThirdParty:967 - CMSIS Pack Vendor :wolfSSL I-CUBE-wolfSSL 5.6.3
2023-10-08 19:08:55,316 [INFO] ThirdParty:967 - CMSIS Pack Vendor :STMicroelectronics USB_DEVICE 3.0.0
2023-10-08 19:08:55,316 [INFO] ThirdParty:967 - CMSIS Pack Vendor :STMicroelectronics HAL Drivers 0.0.0
2023-10-08 19:08:55,316 [INFO] ThirdParty:967 - CMSIS Pack Vendor :STMicroelectronics MBEDTLS 2.16.2
2023-10-08 19:08:55,316 [INFO] ThirdParty:967 - CMSIS Pack Vendor :STMicroelectronics X-CUBE-AZRTOS-WB 2.0.0
2023-10-08 19:08:55,317 [INFO] ThirdParty:967 - CMSIS Pack Vendor :STMicroelectronics X-CUBE-TOUCHGFX 4.22.0
2023-10-08 19:08:55,317 [INFO] ThirdParty:967 - CMSIS Pack Vendor :STMicroelectronics X-CUBE-NFC7 1.0.1
2023-10-08 19:08:55,317 [INFO] ThirdParty:967 - CMSIS Pack Vendor :STMicroelectronics MBEDTLS 2.14.1
2023-10-08 19:08:55,317 [INFO] ThirdParty:967 - CMSIS Pack Vendor :STMicroelectronics X-CUBE-TOUCHGFX 4.22.1
2023-10-08 19:08:55,317 [INFO] ThirdParty:967 - CMSIS Pack Vendor :STMicroelectronics X-CUBE-AZRTOS-F7 1.1.0
2023-10-08 19:08:55,317 [INFO] ThirdParty:967 - CMSIS Pack Vendor :STMicroelectronics X-CUBE-AZRTOS-L5 2.0.0
2023-10-08 19:08:55,317 [INFO] ThirdParty:967 - CMSIS Pack Vendor :STMicroelectronics X-CUBE-NFC6 3.0.0
2023-10-08 19:08:55,317 [INFO] ThirdParty:967 - CMSIS Pack Vendor :STMicroelectronics X-CUBE-EEPRMA1 4.1.0
2023-10-08 19:08:55,317 [INFO] ThirdParty:967 - CMSIS Pack Vendor :portGmbH I-Cube-SoM-uGOAL 1.1.0
2023-10-08 19:08:55,317 [INFO] ThirdParty:967 - CMSIS Pack Vendor :STMicroelectronics X-CUBE-ALS 1.0.1
2023-10-08 19:08:55,317 [INFO] ThirdParty:967 - CMSIS Pack Vendor :STMicroelectronics USB_DEVICE 2.0.0
2023-10-08 19:08:55,317 [INFO] ThirdParty:967 - CMSIS Pack Vendor :STMicroelectronics X-CUBE-MEMS1 9.6.0
2023-10-08 19:08:55,317 [INFO] ThirdParty:967 - CMSIS Pack Vendor :STMicroelectronics X-CUBE-AZRTOS-WL 2.0.0
2023-10-08 19:08:55,317 [INFO] ThirdParty:967 - CMSIS Pack Vendor :STMicroelectronics X-CUBE-ALGOBUILD 1.3.0
2023-10-08 19:08:55,317 [INFO] ThirdParty:967 - CMSIS Pack Vendor :SEGGER I-CUBE-embOS 1.3.1
2023-10-08 19:08:55,317 [INFO] ThirdParty:967 - CMSIS Pack Vendor :STMicroelectronics FreeRTOS 0.0.1
2023-10-08 19:08:55,317 [INFO] ThirdParty:967 - CMSIS Pack Vendor :STMicroelectronics X-CUBE-AZRTOS-G0 1.1.0
2023-10-08 19:08:55,317 [INFO] ThirdParty:967 - CMSIS Pack Vendor :STMicroelectronics USB_DEVICE 1.0.0
2023-10-08 19:08:55,317 [INFO] ThirdParty:967 - CMSIS Pack Vendor :STMicroelectronics X-CUBE-BLEMGR 2.0.0
2023-10-08 19:08:55,317 [INFO] ThirdParty:967 - CMSIS Pack Vendor :STMicroelectronics X-CUBE-AI 8.1.0
2023-10-08 19:08:55,317 [INFO] ThirdParty:967 - CMSIS Pack Vendor :STMicroelectronics X-CUBE-NFC4 3.0.0
2023-10-08 19:08:55,317 [INFO] ThirdParty:967 - CMSIS Pack Vendor :STMicroelectronics X-CUBE-SUBG2 5.0.0
2023-10-08 19:08:55,317 [INFO] ThirdParty:967 - CMSIS Pack Vendor :STMicroelectronics X-CUBE-AZRTOS-L4 2.0.0
2023-10-08 19:08:55,317 [INFO] ThirdParty:967 - CMSIS Pack Vendor :STMicroelectronics ThreadX 0.0.2
2023-10-08 19:08:55,317 [INFO] ThirdParty:967 - CMSIS Pack Vendor :WES I-CUBE-Cesium 1.3.0
2023-10-08 19:08:55,317 [INFO] ThirdParty:967 - CMSIS Pack Vendor :STMicroelectronics FP-ATR-ASTRA1 2.0.0
2023-10-08 19:08:55,317 [INFO] ThirdParty:967 - CMSIS Pack Vendor :STMicroelectronics lwIP 2.0.3
2023-10-08 19:08:55,317 [INFO] ThirdParty:967 - CMSIS Pack Vendor :STMicroelectronics lwIP 2.1.2
2023-10-08 19:08:55,318 [INFO] ThirdParty:967 - CMSIS Pack Vendor :STMicroelectronics X-CUBE-SFXS2LP1 4.0.0
2023-10-08 19:08:55,318 [INFO] ThirdParty:967 - CMSIS Pack Vendor :STMicroelectronics X-CUBE-BLE2 3.3.0
2023-10-08 19:08:55,318 [INFO] ThirdParty:967 - CMSIS Pack Vendor :STMicroelectronics USB_HOST 1.0.0
2023-10-08 19:08:55,318 [INFO] ThirdParty:967 - CMSIS Pack Vendor :STMicroelectronics X-CUBE-AZRTOS-G4 2.0.0
2023-10-08 19:08:55,318 [INFO] ThirdParty:967 - CMSIS Pack Vendor :STMicroelectronics PDM2PCM 3.1.0
2023-10-08 19:08:55,318 [INFO] ThirdParty:967 - CMSIS Pack Vendor :STMicroelectronics X-CUBE-AZRTOS-H7 3.1.0
2023-10-08 19:08:55,318 [INFO] ThirdParty:967 - CMSIS Pack Vendor :STMicroelectronics PDM2PCM 3.2.0
2023-10-08 19:08:55,318 [INFO] ThirdParty:967 - CMSIS Pack Vendor :STMicroelectronics PDM2PCM 3.3.0
2023-10-08 19:08:55,318 [INFO] ThirdParty:787 - exiting critical section [change project]
2023-10-08 19:08:55,564 [INFO] PinOutPanel:1463 - setPackage(No Configuration,No Configuration)
2023-10-08 19:08:55,565 [INFO] PinOutPanel:1463 - setPackage(STM32F103C6Ux,UFQFPN48)
2023-10-08 19:08:56,073 [INFO] UtilMem:74 - Before build in PCC Used Memory: 642086032 Bytes (721420288)
2023-10-08 19:08:56,899 [INFO] UtilMem:74 - After build in PCC Used Memory: 636408544 Bytes (721420288)
2023-10-08 19:08:56,933 [INFO] IPUIPlugin:74 - create IPUIPlugin
2023-10-08 19:08:56,934 [INFO] IPUIPlugin:74 - create IPUIPlugin
2023-10-08 19:08:56,934 [INFO] IPUIPlugin:74 - create IPUIPlugin
2023-10-08 19:08:56,934 [INFO] IPUIPlugin:74 - create IPUIPlugin
2023-10-08 19:08:56,934 [INFO] IPUIPlugin:74 - create IPUIPlugin
2023-10-08 19:08:56,934 [INFO] IPUIPlugin:74 - create IPUIPlugin
2023-10-08 19:08:56,935 [INFO] IPUIPlugin:74 - create IPUIPlugin
2023-10-08 19:08:56,935 [INFO] IPUIPlugin:74 - create IPUIPlugin
2023-10-08 19:08:56,935 [INFO] IPUIPlugin:74 - create IPUIPlugin
2023-10-08 19:08:56,935 [INFO] IPUIPlugin:74 - create IPUIPlugin
2023-10-08 19:08:56,935 [INFO] IPUIPlugin:74 - create IPUIPlugin
2023-10-08 19:08:56,936 [INFO] IPUIPlugin:74 - create IPUIPlugin
2023-10-08 19:08:56,936 [INFO] IPUIPlugin:74 - create IPUIPlugin
2023-10-08 19:08:56,936 [INFO] IPUIPlugin:74 - create IPUIPlugin
2023-10-08 19:08:56,937 [INFO] IPUIPlugin:74 - create IPUIPlugin
2023-10-08 19:08:56,937 [INFO] IPUIPlugin:74 - create IPUIPlugin
2023-10-08 19:08:56,937 [INFO] IPUIPlugin:74 - create IPUIPlugin
2023-10-08 19:08:56,938 [INFO] IPUIPlugin:74 - create IPUIPlugin
2023-10-08 19:08:56,938 [INFO] IPUIPlugin:74 - create IPUIPlugin
2023-10-08 19:08:56,939 [INFO] IPUIPlugin:74 - create IPUIPlugin
2023-10-08 19:08:56,939 [INFO] IPUIPlugin:74 - create IPUIPlugin
2023-10-08 19:08:56,940 [INFO] IPUIPlugin:74 - create IPUIPlugin
2023-10-08 19:08:56,940 [INFO] IPUIPlugin:74 - create IPUIPlugin
2023-10-08 19:08:57,124 [INFO] OpenFileManager:333 - Restore cursor
2023-10-08 19:08:57,607 [INFO] UtilMem:74 - End SaveConfig() Used Memory: 627953296 Bytes (721420288)
2023-10-08 19:08:57,688 [INFO] UtilMem:74 - End SaveConfig() Used Memory: 640501248 Bytes (721420288)
2023-10-08 19:08:58,218 [INFO] BlockDiagram:2740 - set Specific Code input for plugin: NVIC
2023-10-08 19:08:58,219 [INFO] BlockDiagram:2740 - set Specific Code input for plugin: SYS
2023-10-08 19:08:58,219 [INFO] BlockDiagram:2740 - set Specific Code input for plugin: RCC
2023-10-08 19:08:58,220 [INFO] CodeGenerator:663 - code generatio: config db path: D:\Study\MCU\Software\real\STM32CubeIDE_1.7.0\STM32CubeIDE\plugins\com.st.stm32cube.common.mx_6.3.0.202107141111\\db\
2023-10-08 19:08:58,798 [INFO] CodeEngine:239 - oldGeneratedFile, D:\Study\MCU\LAD_MCU\LAB2\LAB2\MXTmpFiles\license.tmp_save
2023-10-08 19:08:59,264 [INFO] CodeEngine:257 - Generated code: D:\Study\MCU\LAD_MCU\LAB2\LAB2\MXTmpFiles\license.tmp
2023-10-08 19:08:59,467 [INFO] CodeEngine:239 - oldGeneratedFile, D:\Study\MCU\LAD_MCU\LAB2\LAB2\Core\Src\stm32f1xx_it.c_save
2023-10-08 19:08:59,732 [INFO] CodeEngine:257 - Generated code: D:\Study\MCU\LAD_MCU\LAB2\LAB2\Core\Src\stm32f1xx_it.c
2023-10-08 19:08:59,747 [INFO] CodeEngine:239 - oldGeneratedFile, D:\Study\MCU\LAD_MCU\LAB2\LAB2\Core\Inc\stm32f1xx_it.h_save
2023-10-08 19:08:59,862 [INFO] CodeEngine:257 - Generated code: D:\Study\MCU\LAD_MCU\LAB2\LAB2\Core\Inc\stm32f1xx_it.h
2023-10-08 19:08:59,886 [INFO] CodeEngine:239 - oldGeneratedFile, D:\Study\MCU\LAD_MCU\LAB2\LAB2\Core\Src\stm32f1xx_hal_msp.c_save
2023-10-08 19:09:00,154 [INFO] CodeEngine:257 - Generated code: D:\Study\MCU\LAD_MCU\LAB2\LAB2\Core\Src\stm32f1xx_hal_msp.c
2023-10-08 19:09:00,169 [INFO] CodeEngine:239 - oldGeneratedFile, D:\Study\MCU\LAD_MCU\LAB2\LAB2\MXTmpFiles\system.tmp_save
2023-10-08 19:09:00,249 [INFO] CodeEngine:257 - Generated code: D:\Study\MCU\LAD_MCU\LAB2\LAB2\MXTmpFiles\system.tmp
2023-10-08 19:09:00,267 [INFO] CodeEngine:239 - oldGeneratedFile, D:\Study\MCU\LAD_MCU\LAB2\LAB2\Core\Inc\stm32f1xx_hal_conf.h_save
2023-10-08 19:09:00,382 [INFO] CodeEngine:257 - Generated code: D:\Study\MCU\LAD_MCU\LAB2\LAB2\Core\Inc\stm32f1xx_hal_conf.h
2023-10-08 19:09:00,452 [INFO] CodeEngine:239 - oldGeneratedFile, D:\Study\MCU\LAD_MCU\LAB2\LAB2\Core\Inc\main.h_save
2023-10-08 19:09:00,572 [INFO] CodeEngine:257 - Generated code: D:\Study\MCU\LAD_MCU\LAB2\LAB2\Core\Inc\main.h
2023-10-08 19:09:00,584 [INFO] CodeEngine:239 - oldGeneratedFile, D:\Study\MCU\LAD_MCU\LAB2\LAB2\Core\Src\main.c_save
2023-10-08 19:09:00,768 [INFO] CodeEngine:257 - Generated code: D:\Study\MCU\LAD_MCU\LAB2\LAB2\Core\Src\main.c
2023-10-08 19:09:02,129 [INFO] ProjectBuilder:2578 - Time for Copy HAL[1] : 84mS.
2023-10-08 19:09:02,134 [INFO] ProjectBuilder:3622 - Project Generator version: 3.14.1
2023-10-08 19:09:02,894 [INFO] ConfigFileManager:1271 - The Die is : DIE412
2023-10-08 19:09:02,928 [INFO] ApiDbMcu:468 - Load IP Config File for FATFS
2023-10-08 19:09:02,999 [INFO] ApiDbMcu:468 - Load IP Config File for FREERTOS
2023-10-08 19:09:03,076 [INFO] ApiDbMcu:468 - Load IP Config File for USB_DEVICE
2023-10-08 19:09:10,758 [INFO] ProjectBuilder:3789 - Time for Generating toolchain IDE Files: 8624mS.
2023-10-08 19:09:10,759 [INFO] ProjectBuilder:2457 - Time for Copy CMSIS : 0mS.
2023-10-08 19:09:10,761 [INFO] ProjectBuilder:2457 - Time for Copy CMSIS : 1mS.
2023-10-08 19:09:11,869 [INFO] McuFinderGlobals:52 - Set McuFinderConnectedMode to true
2023-10-08 19:09:11,872 [INFO] ApiDb:276 - Save user favorites file C:\Users\Huy Minh/.stm32cubeide/favorites.mcus.txt: 0 item(s)
2023-10-08 19:09:11,873 [INFO] ApiDb:280 - User favorites MCUs=[]
